<?xml version="1.0" encoding="UTF-8"?>
<!-- Generated by org.testng.reporters.JUnitReportReporter -->
<testsuite hostname="LAPTOP-NJMGFC1R" failures="0" tests="2" name="test.TestPageObject" time="63.464" errors="0" timestamp="2023-01-14T10:26:38 IST" skipped="0">
  <testcase classname="test.TestPageObject" name="test1" time="23.636"/>
  <system-out>
    <![CDATA[<br/><p><img width='612' src='C:\Users\tzion\OneDrive\שולחן העבודה\NewWorkspace\FinalProject5\14_01_2023_10_26_28_image.png'></p>]]>
  </system-out>
  <testcase classname="test.TestPageObject" name="test1" time="39.828"/>
  <system-out>
    <![CDATA[<br/><p><img width='612' src='C:\Users\tzion\OneDrive\שולחן העבודה\NewWorkspace\FinalProject5\14_01_2023_10_26_05_image.png'></p>]]>
  </system-out>
</testsuite> <!-- test.TestPageObject -->
